"C:\Users\shiba\PycharmProjects\selenium project\venv\Scripts\python.exe" "C:/Users/shiba/PycharmProjects/selenium project/source/fileoperation/testFIleSearchAndThenMove.py"
filecompletepath=G:\shiva\Pics\USA\Massachusetts\JUNE2012\Mamata Birth Day
filecompletepath=G:\shiva\Pics\USA\Massachusetts\JUNE2012\Mamata Birth Day
filecompletepath=G:\shiva\Pics\USA\Massachusetts\JUNE2012\Mamata Birth Day
filecompletepath=G:\shiva\Pics\USA\Massachusetts\JUNE2012\Mamata Birth Day
filecompletepath=G:\shiva\Pics\USA\Massachusetts\JUNE2012\Mamata Birth Day
filecompletepath=G:\shiva\Pics\USA\Massachusetts\JUNE2012\Mamata Birth Day
filecompletepath=G:\shiva\Pics\USA\Massachusetts\JUNE2012\Mamata Birth Day
filecompletepath=G:\shiva\Pics\USA\Massachusetts\JUNE2012\Mamata Birth Day
filecompletepath=G:\shiva\Pics\USA\Massachusetts\JUNE2012\Mamata Birth Day
filecompletepath=G:\shiva\Pics\USA\Massachusetts\JUNE2012\Mamata Birth Day
filecompletepath=G:\shiva\Pics\USA\Massachusetts\JUNE2012\Mamata Birth Day
filecompletepath=G:\shiva\Pics\USA\Massachusetts\JUNE2012\Mamata Birth Day
filecompletepath=G:\shiva\Pics\USA\Massachusetts\JUNE2012\Mamata Birth Day
filecompletepath=G:\shiva\Pics\USA\Massachusetts\JUNE2012\Mamata Birth Day
filecompletepath=G:\shiva\Pics\USA\Massachusetts\JUNE2012\Mamata Birth Day
filecompletepath=G:\shiva\Pics\USA\Massachusetts\JUNE2012\Mamata Birth Day
filecompletepath=G:\shiva\Pics\USA\Massachusetts\JUNE2012\Mamata Birth Day
srcFilePath=G:\shiva\Pics\USA\Massachusetts\JUNE2012\Mamata Birth Day\DSCN0389.MOV
srcFileDirectory=G:\shiva\Pics\USA\Massachusetts\JUNE2012\Mamata Birth Day
finalDestFilePath : G:\VIDEOS\CapturedVideos\USA\Massachusetts\JUNE2012\Mamata Birth Day
Path 'G:\VIDEOS\CapturedVideos\USA\Massachusetts\JUNE2012\Mamata Birth Day' does not exist, creating the path..
Trying to move the file: 'G:\VIDEOS\CapturedVideos\USA\Massachusetts\JUNE2012\Mamata Birth Day\DSCN0389.MOV' to the destination.
File move was successful!

srcFilePath=G:\shiva\Pics\USA\Massachusetts\JUNE2012\Mamata Birth Day\DSCN0416.MOV
srcFileDirectory=G:\shiva\Pics\USA\Massachusetts\JUNE2012\Mamata Birth Day
finalDestFilePath : G:\VIDEOS\CapturedVideos\USA\Massachusetts\JUNE2012\Mamata Birth Day
Path 'G:\VIDEOS\CapturedVideos\USA\Massachusetts\JUNE2012\Mamata Birth Day' exist.
Trying to move the file: 'G:\VIDEOS\CapturedVideos\USA\Massachusetts\JUNE2012\Mamata Birth Day\DSCN0416.MOV' to the destination.
File move was successful!

srcFilePath=G:\shiva\Pics\USA\Massachusetts\JUNE2012\Mamata Birth Day\DSCN0427.MOV
srcFileDirectory=G:\shiva\Pics\USA\Massachusetts\JUNE2012\Mamata Birth Day
finalDestFilePath : G:\VIDEOS\CapturedVideos\USA\Massachusetts\JUNE2012\Mamata Birth Day
Path 'G:\VIDEOS\CapturedVideos\USA\Massachusetts\JUNE2012\Mamata Birth Day' exist.
Trying to move the file: 'G:\VIDEOS\CapturedVideos\USA\Massachusetts\JUNE2012\Mamata Birth Day\DSCN0427.MOV' to the destination.
File move was successful!

srcFilePath=G:\shiva\Pics\USA\Massachusetts\JUNE2012\Mamata Birth Day\DSCN0433.MOV
srcFileDirectory=G:\shiva\Pics\USA\Massachusetts\JUNE2012\Mamata Birth Day
finalDestFilePath : G:\VIDEOS\CapturedVideos\USA\Massachusetts\JUNE2012\Mamata Birth Day
Path 'G:\VIDEOS\CapturedVideos\USA\Massachusetts\JUNE2012\Mamata Birth Day' exist.
Trying to move the file: 'G:\VIDEOS\CapturedVideos\USA\Massachusetts\JUNE2012\Mamata Birth Day\DSCN0433.MOV' to the destination.
File move was successful!

srcFilePath=G:\shiva\Pics\USA\Massachusetts\JUNE2012\Mamata Birth Day\DSCN0445.MOV
srcFileDirectory=G:\shiva\Pics\USA\Massachusetts\JUNE2012\Mamata Birth Day
finalDestFilePath : G:\VIDEOS\CapturedVideos\USA\Massachusetts\JUNE2012\Mamata Birth Day
Path 'G:\VIDEOS\CapturedVideos\USA\Massachusetts\JUNE2012\Mamata Birth Day' exist.
Trying to move the file: 'G:\VIDEOS\CapturedVideos\USA\Massachusetts\JUNE2012\Mamata Birth Day\DSCN0445.MOV' to the destination.
File move was successful!

srcFilePath=G:\shiva\Pics\USA\Massachusetts\JUNE2012\Mamata Birth Day\DSCN0446.MOV
srcFileDirectory=G:\shiva\Pics\USA\Massachusetts\JUNE2012\Mamata Birth Day
finalDestFilePath : G:\VIDEOS\CapturedVideos\USA\Massachusetts\JUNE2012\Mamata Birth Day
Path 'G:\VIDEOS\CapturedVideos\USA\Massachusetts\JUNE2012\Mamata Birth Day' exist.
Trying to move the file: 'G:\VIDEOS\CapturedVideos\USA\Massachusetts\JUNE2012\Mamata Birth Day\DSCN0446.MOV' to the destination.
File move was successful!

srcFilePath=G:\shiva\Pics\USA\Massachusetts\JUNE2012\Mamata Birth Day\DSCN0448.MOV
srcFileDirectory=G:\shiva\Pics\USA\Massachusetts\JUNE2012\Mamata Birth Day
finalDestFilePath : G:\VIDEOS\CapturedVideos\USA\Massachusetts\JUNE2012\Mamata Birth Day
Path 'G:\VIDEOS\CapturedVideos\USA\Massachusetts\JUNE2012\Mamata Birth Day' exist.
Trying to move the file: 'G:\VIDEOS\CapturedVideos\USA\Massachusetts\JUNE2012\Mamata Birth Day\DSCN0448.MOV' to the destination.
File move was successful!

srcFilePath=G:\shiva\Pics\USA\Massachusetts\JUNE2012\Mamata Birth Day\DSCN0449.MOV
srcFileDirectory=G:\shiva\Pics\USA\Massachusetts\JUNE2012\Mamata Birth Day
finalDestFilePath : G:\VIDEOS\CapturedVideos\USA\Massachusetts\JUNE2012\Mamata Birth Day
Path 'G:\VIDEOS\CapturedVideos\USA\Massachusetts\JUNE2012\Mamata Birth Day' exist.
Trying to move the file: 'G:\VIDEOS\CapturedVideos\USA\Massachusetts\JUNE2012\Mamata Birth Day\DSCN0449.MOV' to the destination.
File move was successful!

srcFilePath=G:\shiva\Pics\USA\Massachusetts\JUNE2012\Mamata Birth Day\DSCN0450.MOV
srcFileDirectory=G:\shiva\Pics\USA\Massachusetts\JUNE2012\Mamata Birth Day
finalDestFilePath : G:\VIDEOS\CapturedVideos\USA\Massachusetts\JUNE2012\Mamata Birth Day
Path 'G:\VIDEOS\CapturedVideos\USA\Massachusetts\JUNE2012\Mamata Birth Day' exist.
Trying to move the file: 'G:\VIDEOS\CapturedVideos\USA\Massachusetts\JUNE2012\Mamata Birth Day\DSCN0450.MOV' to the destination.
File move was successful!

srcFilePath=G:\shiva\Pics\USA\Massachusetts\JUNE2012\Mamata Birth Day\DSCN0451.MOV
srcFileDirectory=G:\shiva\Pics\USA\Massachusetts\JUNE2012\Mamata Birth Day
finalDestFilePath : G:\VIDEOS\CapturedVideos\USA\Massachusetts\JUNE2012\Mamata Birth Day
Path 'G:\VIDEOS\CapturedVideos\USA\Massachusetts\JUNE2012\Mamata Birth Day' exist.
Trying to move the file: 'G:\VIDEOS\CapturedVideos\USA\Massachusetts\JUNE2012\Mamata Birth Day\DSCN0451.MOV' to the destination.
File move was successful!

srcFilePath=G:\shiva\Pics\USA\Massachusetts\JUNE2012\Mamata Birth Day\DSCN0452.MOV
srcFileDirectory=G:\shiva\Pics\USA\Massachusetts\JUNE2012\Mamata Birth Day
finalDestFilePath : G:\VIDEOS\CapturedVideos\USA\Massachusetts\JUNE2012\Mamata Birth Day
Path 'G:\VIDEOS\CapturedVideos\USA\Massachusetts\JUNE2012\Mamata Birth Day' exist.
Trying to move the file: 'G:\VIDEOS\CapturedVideos\USA\Massachusetts\JUNE2012\Mamata Birth Day\DSCN0452.MOV' to the destination.
File move was successful!

srcFilePath=G:\shiva\Pics\USA\Massachusetts\JUNE2012\Mamata Birth Day\DSCN0453.MOV
srcFileDirectory=G:\shiva\Pics\USA\Massachusetts\JUNE2012\Mamata Birth Day
finalDestFilePath : G:\VIDEOS\CapturedVideos\USA\Massachusetts\JUNE2012\Mamata Birth Day
Path 'G:\VIDEOS\CapturedVideos\USA\Massachusetts\JUNE2012\Mamata Birth Day' exist.
Trying to move the file: 'G:\VIDEOS\CapturedVideos\USA\Massachusetts\JUNE2012\Mamata Birth Day\DSCN0453.MOV' to the destination.
File move was successful!

srcFilePath=G:\shiva\Pics\USA\Massachusetts\JUNE2012\Mamata Birth Day\DSCN0454.MOV
srcFileDirectory=G:\shiva\Pics\USA\Massachusetts\JUNE2012\Mamata Birth Day
finalDestFilePath : G:\VIDEOS\CapturedVideos\USA\Massachusetts\JUNE2012\Mamata Birth Day
Path 'G:\VIDEOS\CapturedVideos\USA\Massachusetts\JUNE2012\Mamata Birth Day' exist.
Trying to move the file: 'G:\VIDEOS\CapturedVideos\USA\Massachusetts\JUNE2012\Mamata Birth Day\DSCN0454.MOV' to the destination.
File move was successful!

srcFilePath=G:\shiva\Pics\USA\Massachusetts\JUNE2012\Mamata Birth Day\DSCN0456.MOV
srcFileDirectory=G:\shiva\Pics\USA\Massachusetts\JUNE2012\Mamata Birth Day
finalDestFilePath : G:\VIDEOS\CapturedVideos\USA\Massachusetts\JUNE2012\Mamata Birth Day
Path 'G:\VIDEOS\CapturedVideos\USA\Massachusetts\JUNE2012\Mamata Birth Day' exist.
Trying to move the file: 'G:\VIDEOS\CapturedVideos\USA\Massachusetts\JUNE2012\Mamata Birth Day\DSCN0456.MOV' to the destination.
File move was successful!

srcFilePath=G:\shiva\Pics\USA\Massachusetts\JUNE2012\Mamata Birth Day\DSCN0457.MOV
srcFileDirectory=G:\shiva\Pics\USA\Massachusetts\JUNE2012\Mamata Birth Day
finalDestFilePath : G:\VIDEOS\CapturedVideos\USA\Massachusetts\JUNE2012\Mamata Birth Day
Path 'G:\VIDEOS\CapturedVideos\USA\Massachusetts\JUNE2012\Mamata Birth Day' exist.
Trying to move the file: 'G:\VIDEOS\CapturedVideos\USA\Massachusetts\JUNE2012\Mamata Birth Day\DSCN0457.MOV' to the destination.
File move was successful!

srcFilePath=G:\shiva\Pics\USA\Massachusetts\JUNE2012\Mamata Birth Day\DSCN0458.MOV
srcFileDirectory=G:\shiva\Pics\USA\Massachusetts\JUNE2012\Mamata Birth Day
finalDestFilePath : G:\VIDEOS\CapturedVideos\USA\Massachusetts\JUNE2012\Mamata Birth Day
Path 'G:\VIDEOS\CapturedVideos\USA\Massachusetts\JUNE2012\Mamata Birth Day' exist.
Trying to move the file: 'G:\VIDEOS\CapturedVideos\USA\Massachusetts\JUNE2012\Mamata Birth Day\DSCN0458.MOV' to the destination.
File move was successful!

srcFilePath=G:\shiva\Pics\USA\Massachusetts\JUNE2012\Mamata Birth Day\DSCN0459.MOV
srcFileDirectory=G:\shiva\Pics\USA\Massachusetts\JUNE2012\Mamata Birth Day
finalDestFilePath : G:\VIDEOS\CapturedVideos\USA\Massachusetts\JUNE2012\Mamata Birth Day
Path 'G:\VIDEOS\CapturedVideos\USA\Massachusetts\JUNE2012\Mamata Birth Day' exist.
Trying to move the file: 'G:\VIDEOS\CapturedVideos\USA\Massachusetts\JUNE2012\Mamata Birth Day\DSCN0459.MOV' to the destination.
File move was successful!


Process finished with exit code 0

